  Sokoban.cpp
  Background.cpp
  Box.cpp
  Game.cpp
  Player.cpp
  Position.cpp
C:\Personal\DH\Sokoban\sources\Position.cpp(14,54): warning C4244: 'argument': conversion from 'int' to 'T', possible loss of data
          with
          [
              T=float
          ]
C:\Personal\DH\Sokoban\sources\Position.cpp(14,26): warning C4244: 'argument': conversion from 'int' to 'T', possible loss of data
          with
          [
              T=float
          ]
  Target.cpp
  Wall.cpp
  Generating Code...
  Sokoban.vcxproj -> C:\Personal\DH\Sokoban\x64\Debug\Sokoban.exe
